<?xml version="1.0" encoding="UTF-8"?>
<testsuite xmlns:xsi="http://www.w3.org/2001/XMLSchema-instance" xsi:noNamespaceSchemaLocation="https://maven.apache.org/surefire/maven-surefire-plugin/xsd/surefire-test-report-3.0.xsd" version="3.0" name="ec.edu.espe.utils.TaxTest" time="0.071" tests="2" errors="0" skipped="0" failures="0">
  <properties>
[...]
</properties>
  <testcase name="testComputeIva" classname="ec.edu.espe.utils.TaxTest" time="0.04">
    <system-out><![CDATA[computeIva
]]></system-out>
  </testcase>
  <testcase name="testComputePvP" classname="ec.edu.espe.utils.TaxTest" time="0.001">
    <system-out><![CDATA[computePvP
]]></system-out>
  </testcase>
</testsuite>