<?xml version="1.0" encoding="UTF-8"?>
<testsuite xmlns:xsi="http://www.w3.org/2001/XMLSchema-instance" xsi:noNamespaceSchemaLocation="https://maven.apache.org/surefire/maven-surefire-plugin/xsd/surefire-test-report-3.0.xsd" version="3.0" name="ec.edu.espe.unittest.controller.IncomeTaxTest" time="0.053" tests="2" errors="0" skipped="0" failures="0">
  <properties>
[...]
</properties>
  <testcase name="testApplyIESSDiscount" classname="ec.edu.espe.unittest.controller.IncomeTaxTest" time="0.03">
    <system-out><![CDATA[applyIESSDiscount
]]></system-out>
  </testcase>
  <testcase name="testComputeIncomeTax" classname="ec.edu.espe.unittest.controller.IncomeTaxTest" time="0.002">
    <system-out><![CDATA[computeIncomeTax
]]></system-out>
  </testcase>
</testsuite>